<?xml version="1.0" encoding="UTF-8"?>
<!-- Generated by org.testng.reporters.JUnitReportReporter -->
<testsuite hostname="DESKTOP-8A68LM6" failures="0" tests="1" name="practice.Tooltips" time="59.251" errors="0" timestamp="2021-10-12T23:31:05 IST" skipped="0">
  <testcase classname="practice.Tooltips" name="CreateOpp1" time="59.251"/>
  <system-out/>
</testsuite> <!-- practice.Tooltips -->
