<?xml version="1.0" encoding="UTF-8"?>
<!-- Generated by org.testng.reporters.JUnitReportReporter -->
<testsuite hostname="DESKTOP-8A68LM6" failures="0" tests="1" name="Testscript.TC_04QUALIFICATION" time="32.540" errors="0" timestamp="2021-10-07T10:40:02 IST" skipped="0">
  <testcase classname="Testscript.TC_04QUALIFICATION" name="createorganisation" time="32.540"/>
  <system-out/>
</testsuite> <!-- Testscript.TC_04QUALIFICATION -->
