<?xml version="1.0" encoding="UTF-8"?>
<!-- Generated by org.testng.reporters.JUnitReportReporter -->
<testsuite hostname="DESKTOP-8A68LM6" failures="0" tests="1" name="Testscript1.CreateOppertunities5" time="28.840" errors="0" timestamp="2021-10-07T22:54:33 IST" skipped="0">
  <testcase classname="Testscript1.CreateOppertunities5" name="Opp5" time="28.840"/>
  <system-out/>
</testsuite> <!-- Testscript1.CreateOppertunities5 -->
