<?xml version="1.0" encoding="UTF-8"?>
<!-- Generated by org.testng.reporters.JUnitReportReporter -->
<testsuite hostname="DESKTOP-8A68LM6" failures="0" tests="1" name="Testscript.TC_VALUEPROPERTION" time="13.909" errors="0" timestamp="2021-10-07T10:40:02 IST" skipped="0">
  <testcase classname="Testscript.TC_VALUEPROPERTION" name="createorganisation" time="13.909"/>
  <system-out/>
</testsuite> <!-- Testscript.TC_VALUEPROPERTION -->
