<?xml version="1.0" encoding="UTF-8"?>
<!-- Generated by org.testng.reporters.JUnitReportReporter -->
<testsuite hostname="DESKTOP-8A68LM6" failures="0" tests="1" name="Testscript1.CreateOppertunities" time="23.222" errors="0" timestamp="2021-10-09T18:50:45 IST" skipped="0">
  <testcase classname="Testscript1.CreateOppertunities" name="CreateOpp1" time="23.222"/>
  <system-out/>
</testsuite> <!-- Testscript1.CreateOppertunities -->
