<?xml version="1.0" encoding="UTF-8"?>
<!-- Generated by org.testng.reporters.JUnitReportReporter -->
<testsuite hostname="DESKTOP-8A68LM6" failures="0" tests="1" name="Testscript.TC_01OPPERTUNITY" time="22.477" errors="0" timestamp="2021-10-07T10:45:00 IST" skipped="0">
  <testcase classname="Testscript.TC_01OPPERTUNITY" name="createorganisation" time="22.477"/>
  <system-out/>
</testsuite> <!-- Testscript.TC_01OPPERTUNITY -->
