<?xml version="1.0" encoding="UTF-8"?>
<!-- Generated by org.testng.reporters.JUnitReportReporter -->
<testsuite hostname="DESKTOP-8A68LM6" failures="0" tests="1" name="practice.Debug" time="12.049" errors="0" timestamp="2021-10-13T11:27:17 IST" skipped="0">
  <testcase classname="practice.Debug" name="CreateOpp1" time="12.049"/>
  <system-out/>
</testsuite> <!-- practice.Debug -->
